Determining if the pthread_create exist failed with the following output:
Change Dir: /home/jgflores/code/Golfred/golem/jade_workspace/sandbox/beginner_tutorials/build/CMakeFiles/CMakeTmp

Run Build Command:/usr/bin/make "cmTryCompileExec817385416/fast"
make[1]: se ingresa al directorio «/home/jgflores/code/Golfred/golem/jade_workspace/sandbox/beginner_tutorials/build/CMakeFiles/CMakeTmp»
/usr/bin/make -f CMakeFiles/cmTryCompileExec817385416.dir/build.make CMakeFiles/cmTryCompileExec817385416.dir/build
make[2]: se ingresa al directorio «/home/jgflores/code/Golfred/golem/jade_workspace/sandbox/beginner_tutorials/build/CMakeFiles/CMakeTmp»
/usr/bin/cmake -E cmake_progress_report /home/jgflores/code/Golfred/golem/jade_workspace/sandbox/beginner_tutorials/build/CMakeFiles/CMakeTmp/CMakeFiles 1
Building C object CMakeFiles/cmTryCompileExec817385416.dir/CheckSymbolExists.c.o
/usr/bin/cc    -o CMakeFiles/cmTryCompileExec817385416.dir/CheckSymbolExists.c.o   -c /home/jgflores/code/Golfred/golem/jade_workspace/sandbox/beginner_tutorials/build/CMakeFiles/CMakeTmp/CheckSymbolExists.c
Linking C executable cmTryCompileExec817385416
/usr/bin/cmake -E cmake_link_script CMakeFiles/cmTryCompileExec817385416.dir/link.txt --verbose=1
/usr/bin/cc       CMakeFiles/cmTryCompileExec817385416.dir/CheckSymbolExists.c.o  -o cmTryCompileExec817385416 -rdynamic 
CMakeFiles/cmTryCompileExec817385416.dir/CheckSymbolExists.c.o: En la función `main':
CheckSymbolExists.c:(.text+0x16): referencia a `pthread_create' sin definir
collect2: error: ld returned 1 exit status
make[2]: se sale del directorio «/home/jgflores/code/Golfred/golem/jade_workspace/sandbox/beginner_tutorials/build/CMakeFiles/CMakeTmp»
make[2]: *** [cmTryCompileExec817385416] Error 1
make[1]: *** [cmTryCompileExec817385416/fast] Error 2
make[1]: se sale del directorio «/home/jgflores/code/Golfred/golem/jade_workspace/sandbox/beginner_tutorials/build/CMakeFiles/CMakeTmp»

File /home/jgflores/code/Golfred/golem/jade_workspace/sandbox/beginner_tutorials/build/CMakeFiles/CMakeTmp/CheckSymbolExists.c:
/* */
#include <pthread.h>

int main(int argc, char** argv)
{
  (void)argv;
#ifndef pthread_create
  return ((int*)(&pthread_create))[argc];
#else
  (void)argc;
  return 0;
#endif
}

Determining if the function pthread_create exists in the pthreads failed with the following output:
Change Dir: /home/jgflores/code/Golfred/golem/jade_workspace/sandbox/beginner_tutorials/build/CMakeFiles/CMakeTmp

Run Build Command:/usr/bin/make "cmTryCompileExec2023211574/fast"
make[1]: se ingresa al directorio «/home/jgflores/code/Golfred/golem/jade_workspace/sandbox/beginner_tutorials/build/CMakeFiles/CMakeTmp»
/usr/bin/make -f CMakeFiles/cmTryCompileExec2023211574.dir/build.make CMakeFiles/cmTryCompileExec2023211574.dir/build
make[2]: se ingresa al directorio «/home/jgflores/code/Golfred/golem/jade_workspace/sandbox/beginner_tutorials/build/CMakeFiles/CMakeTmp»
/usr/bin/cmake -E cmake_progress_report /home/jgflores/code/Golfred/golem/jade_workspace/sandbox/beginner_tutorials/build/CMakeFiles/CMakeTmp/CMakeFiles 1
Building C object CMakeFiles/cmTryCompileExec2023211574.dir/CheckFunctionExists.c.o
/usr/bin/cc   -DCHECK_FUNCTION_EXISTS=pthread_create   -o CMakeFiles/cmTryCompileExec2023211574.dir/CheckFunctionExists.c.o   -c /usr/share/cmake-2.8/Modules/CheckFunctionExists.c
Linking C executable cmTryCompileExec2023211574
/usr/bin/cmake -E cmake_link_script CMakeFiles/cmTryCompileExec2023211574.dir/link.txt --verbose=1
/usr/bin/cc   -DCHECK_FUNCTION_EXISTS=pthread_create    CMakeFiles/cmTryCompileExec2023211574.dir/CheckFunctionExists.c.o  -o cmTryCompileExec2023211574 -rdynamic -lpthreads 
/usr/bin/ld: no se puede encontrar -lpthreads
collect2: error: ld returned 1 exit status
make[2]: *** [cmTryCompileExec2023211574] Error 1
make[2]: se sale del directorio «/home/jgflores/code/Golfred/golem/jade_workspace/sandbox/beginner_tutorials/build/CMakeFiles/CMakeTmp»
make[1]: se sale del directorio «/home/jgflores/code/Golfred/golem/jade_workspace/sandbox/beginner_tutorials/build/CMakeFiles/CMakeTmp»
make[1]: *** [cmTryCompileExec2023211574/fast] Error 2


